Remotion_Android_Client/app/build/outputs/logs/manifest-merger-debug-report.txt
-- Merging decision tree log ---
manifest
ADDED from src\main\AndroidManifest.xml:2:1-33:12
	package
		ADDED from src\main\AndroidManifest.xml:3:5-31
		INJECTED from src\main\AndroidManifest.xml
		INJECTED from src\main\AndroidManifest.xml
	android:versionName
		INJECTED from src\main\AndroidManifest.xml
		INJECTED from src\main\AndroidManifest.xml
	xmlns:android
		ADDED from src\main\AndroidManifest.xml:2:11-69
	android:versionCode
		INJECTED from src\main\AndroidManifest.xml
		INJECTED from src\main\AndroidManifest.xml
uses-permission#android.permission.WRITE_EXTERNAL_STORAGE
ADDED from src\main\AndroidManifest.xml:4:5-81
	android:name
		ADDED from src\main\AndroidManifest.xml:4:22-78
uses-permission#android.permission.READ_EXTERNAL_STORAGE
ADDED from src\main\AndroidManifest.xml:5:5-80
	android:name
		ADDED from src\main\AndroidManifest.xml:5:22-77
uses-permission#android.permission.READ_PHONE_STATE
ADDED from src\main\AndroidManifest.xml:6:5-75
	android:name
		ADDED from src\main\AndroidManifest.xml:6:22-72
uses-permission#android.permission.INTERNET
ADDED from src\main\AndroidManifest.xml:7:5-67
	android:name
		ADDED from src\main\AndroidManifest.xml:7:22-64
application
ADDED from src\main\AndroidManifest.xml:8:5-31:19
MERGED from [com.android.support:support-v4:25.0.1] AndroidManifest.xml:25:5-20
MERGED from [com.android.support:support-fragment:25.0.1] AndroidManifest.xml:25:5-20
MERGED from [com.android.support:support-media-compat:25.0.1] AndroidManifest.xml:25:5-20
MERGED from [com.android.support:support-core-ui:25.0.1] AndroidManifest.xml:25:5-20
MERGED from [com.android.support:support-core-utils:25.0.1] AndroidManifest.xml:25:5-20
MERGED from [com.android.support:support-compat:25.0.1] AndroidManifest.xml:25:5-20
	android:label
		ADDED from src\main\AndroidManifest.xml:12:9-41
	android:allowBackup
		ADDED from src\main\AndroidManifest.xml:10:9-36
	android:icon
		ADDED from src\main\AndroidManifest.xml:11:9-43
	android:theme
		ADDED from src\main\AndroidManifest.xml:13:9-40
service#org.bhi.sfClient.BackgroundLogging
ADDED from src\main\AndroidManifest.xml:14:9-16:39
	android:exported
		ADDED from src\main\AndroidManifest.xml:16:13-37
	android:name
		ADDED from src\main\AndroidManifest.xml:15:13-62
activity#org.bhi.sfClient.SensorSelectionActivity
ADDED from src\main\AndroidManifest.xml:17:9-22:20
	android:screenOrientation
		ADDED from src\main\AndroidManifest.xml:20:13-49
	android:label
		ADDED from src\main\AndroidManifest.xml:19:13-68
	android:name
		ADDED from src\main\AndroidManifest.xml:18:13-68
activity#org.bhi.sfClient.AboutActivity
ADDED from src\main\AndroidManifest.xml:23:10-30:20
	android:label
		ADDED from src\main\AndroidManifest.xml:25:13-57
	android:name
		ADDED from src\main\AndroidManifest.xml:24:13-58
intent-filter#android.intent.action.MAIN+android.intent.category.LAUNCHER
ADDED from src\main\AndroidManifest.xml:26:14-29:30
action#android.intent.action.MAIN
ADDED from src\main\AndroidManifest.xml:27:18-70
	android:name
		ADDED from src\main\AndroidManifest.xml:27:26-67
category#android.intent.category.LAUNCHER
ADDED from src\main\AndroidManifest.xml:28:18-78
	android:name
		ADDED from src\main\AndroidManifest.xml:28:28-75
uses-sdk
INJECTED from src\main\AndroidManifest.xml reason: use-sdk injection requested
MERGED from [com.android.support:support-v4:25.0.1] AndroidManifest.xml:21:5-23:54
MERGED from [com.android.support:support-fragment:25.0.1] AndroidManifest.xml:21:5-23:60
MERGED from [com.android.support:support-media-compat:25.0.1] AndroidManifest.xml:21:5-23:63
MERGED from [com.android.support:support-core-ui:25.0.1] AndroidManifest.xml:21:5-23:58
MERGED from [com.android.support:support-core-utils:25.0.1] AndroidManifest.xml:21:5-23:61
MERGED from [com.android.support:support-compat:25.0.1] AndroidManifest.xml:21:5-23:58
	tools:overrideLibrary
		ADDED from [com.android.support:support-v4:25.0.1] AndroidManifest.xml:23:9-51
	android:targetSdkVersion
		INJECTED from src\main\AndroidManifest.xml
		INJECTED from src\main\AndroidManifest.xml
	android:minSdkVersion
		INJECTED from src\main\AndroidManifest.xml
		INJECTED from src\main\AndroidManifest.xml